# JRE version: OpenJDK Runtime Environment (8.0_121-b13) (build 1.8.0_121-8u121-b13-0ubuntu1.16.04.2-b13)
# Java VM: OpenJDK 64-Bit Server VM (25.121-b13 mixed mode linux-amd64 compressed oops)
Heap:
 PSYoungGen      total 376832K, used 17901K [0x00000000d6800000, 0x00000000f1280000, 0x0000000100000000)
  eden space 358912K, 0% used [0x00000000d6800000,0x00000000d6800000,0x00000000ec680000)
  from space 17920K, 99% used [0x00000000ec680000,0x00000000ed7fb600,0x00000000ed800000)
  to   space 17408K, 0% used [0x00000000ed800000,0x00000000ed800000,0x00000000ee900000)
 ParOldGen       total 82432K, used 27225K [0x0000000083800000, 0x0000000088880000, 0x00000000d6800000)
  object space 82432K, 33% used [0x0000000083800000,0x0000000085296440,0x0000000088880000)
 Metaspace       used 47141K, capacity 47698K, committed 48048K, reserved 1091584K
  class space    used 5807K, capacity 5972K, committed 6064K, reserved 1048576K
GC Heap History (10 events):
Event: 5.756 GC heap after
Heap after GC invocations=6 (full 1):
 PSYoungGen      total 136192K, used 5094K [0x00000000d6800000, 0x00000000e5600000, 0x0000000100000000)
  eden space 131072K, 0% used [0x00000000d6800000,0x00000000d6800000,0x00000000de800000)
  from space 5120K, 99% used [0x00000000de800000,0x00000000decf9b20,0x00000000ded00000)
  to   space 13312K, 0% used [0x00000000e4900000,0x00000000e4900000,0x00000000e5600000)
 ParOldGen       total 60928K, used 15535K [0x0000000083800000, 0x0000000087380000, 0x00000000d6800000)
  object space 60928K, 25% used [0x0000000083800000,0x000000008472be00,0x0000000087380000)
 Metaspace       used 28007K, capacity 28444K, committed 28720K, reserved 1075200K
  class space    used 3428K, capacity 3567K, committed 3632K, reserved 1048576K
}
Event: 6.080 GC heap before
{Heap before GC invocations=7 (full 1):
 PSYoungGen      total 136192K, used 136166K [0x00000000d6800000, 0x00000000e5600000, 0x0000000100000000)
  eden space 131072K, 100% used [0x00000000d6800000,0x00000000de800000,0x00000000de800000)
  from space 5120K, 99% used [0x00000000de800000,0x00000000decf9b20,0x00000000ded00000)
  to   space 13312K, 0% used [0x00000000e4900000,0x00000000e4900000,0x00000000e5600000)
 ParOldGen       total 60928K, used 15535K [0x0000000083800000, 0x0000000087380000, 0x00000000d6800000)
  object space 60928K, 25% used [0x0000000083800000,0x000000008472be00,0x0000000087380000)
 Metaspace       used 28723K, capacity 29078K, committed 29360K, reserved 1075200K
  class space    used 3516K, capacity 3640K, committed 3760K, reserved 1048576K
Event: 6.087 GC heap after
Heap after GC invocations=7 (full 1):
 PSYoungGen      total 230912K, used 7712K [0x00000000d6800000, 0x00000000e5680000, 0x0000000100000000)
  eden space 217600K, 0% used [0x00000000d6800000,0x00000000d6800000,0x00000000e3c80000)
  from space 13312K, 57% used [0x00000000e4900000,0x00000000e5088338,0x00000000e5600000)
  to   space 12800K, 0% used [0x00000000e3c80000,0x00000000e3c80000,0x00000000e4900000)
 ParOldGen       total 60928K, used 15535K [0x0000000083800000, 0x0000000087380000, 0x00000000d6800000)
  object space 60928K, 25% used [0x0000000083800000,0x000000008472be00,0x0000000087380000)
 Metaspace       used 28723K, capacity 29078K, committed 29360K, reserved 1075200K
  class space    used 3516K, capacity 3640K, committed 3760K, reserved 1048576K
}
Event: 7.288 GC heap before
{Heap before GC invocations=8 (full 1):
 PSYoungGen      total 230912K, used 225312K [0x00000000d6800000, 0x00000000e5680000, 0x0000000100000000)
  eden space 217600K, 100% used [0x00000000d6800000,0x00000000e3c80000,0x00000000e3c80000)
  from space 13312K, 57% used [0x00000000e4900000,0x00000000e5088338,0x00000000e5600000)
  to   space 12800K, 0% used [0x00000000e3c80000,0x00000000e3c80000,0x00000000e4900000)
 ParOldGen       total 60928K, used 15535K [0x0000000083800000, 0x0000000087380000, 0x00000000d6800000)
  object space 60928K, 25% used [0x0000000083800000,0x000000008472be00,0x0000000087380000)
 Metaspace       used 34719K, capacity 35194K, committed 35376K, reserved 1081344K
  class space    used 4211K, capacity 4361K, committed 4400K, reserved 1048576K
Event: 7.306 GC heap after
Heap after GC invocations=8 (full 1):
 PSYoungGen      total 230400K, used 12786K [0x00000000d6800000, 0x00000000ee900000, 0x0000000100000000)
  eden space 217600K, 0% used [0x00000000d6800000,0x00000000d6800000,0x00000000e3c80000)
  from space 12800K, 99% used [0x00000000e3c80000,0x00000000e48fcab0,0x00000000e4900000)
  to   space 17408K, 0% used [0x00000000ed800000,0x00000000ed800000,0x00000000ee900000)
 ParOldGen       total 60928K, used 21242K [0x0000000083800000, 0x0000000087380000, 0x00000000d6800000)
  object space 60928K, 34% used [0x0000000083800000,0x0000000084cbe928,0x0000000087380000)
 Metaspace       used 34719K, capacity 35194K, committed 35376K, reserved 1081344K
  class space    used 4211K, capacity 4361K, committed 4400K, reserved 1048576K
}
Event: 7.403 GC heap before
{Heap before GC invocations=9 (full 1):
 PSYoungGen      total 230400K, used 29286K [0x00000000d6800000, 0x00000000ee900000, 0x0000000100000000)
  eden space 217600K, 7% used [0x00000000d6800000,0x00000000d781cf48,0x00000000e3c80000)
  from space 12800K, 99% used [0x00000000e3c80000,0x00000000e48fcab0,0x00000000e4900000)
  to   space 17408K, 0% used [0x00000000ed800000,0x00000000ed800000,0x00000000ee900000)
 ParOldGen       total 60928K, used 21242K [0x0000000083800000, 0x0000000087380000, 0x00000000d6800000)
  object space 60928K, 34% used [0x0000000083800000,0x0000000084cbe928,0x0000000087380000)
 Metaspace       used 34880K, capacity 35302K, committed 35496K, reserved 1081344K
  class space    used 4236K, capacity 4395K, committed 4400K, reserved 1048576K
Event: 7.421 GC heap after
Heap after GC invocations=9 (full 1):
 PSYoungGen      total 376320K, used 13133K [0x00000000d6800000, 0x00000000f1280000, 0x0000000100000000)
  eden space 358912K, 0% used [0x00000000d6800000,0x00000000d6800000,0x00000000ec680000)
  from space 17408K, 75% used [0x00000000ed800000,0x00000000ee4d3780,0x00000000ee900000)
  to   space 17920K, 0% used [0x00000000ec680000,0x00000000ec680000,0x00000000ed800000)
 ParOldGen       total 60928K, used 21242K [0x0000000083800000, 0x0000000087380000, 0x00000000d6800000)
  object space 60928K, 34% used [0x0000000083800000,0x0000000084cbe928,0x0000000087380000)
 Metaspace       used 34880K, capacity 35302K, committed 35496K, reserved 1081344K
  class space    used 4236K, capacity 4395K, committed 4400K, reserved 1048576K
}
Event: 7.421 GC heap before
{Heap before GC invocations=10 (full 2):
 PSYoungGen      total 376320K, used 13133K [0x00000000d6800000, 0x00000000f1280000, 0x0000000100000000)
  eden space 358912K, 0% used [0x00000000d6800000,0x00000000d6800000,0x00000000ec680000)
  from space 17408K, 75% used [0x00000000ed800000,0x00000000ee4d3780,0x00000000ee900000)
  to   space 17920K, 0% used [0x00000000ec680000,0x00000000ec680000,0x00000000ed800000)
 ParOldGen       total 60928K, used 21242K [0x0000000083800000, 0x0000000087380000, 0x00000000d6800000)
  object space 60928K, 34% used [0x0000000083800000,0x0000000084cbe928,0x0000000087380000)
 Metaspace       used 34880K, capacity 35302K, committed 35496K, reserved 1081344K
  class space    used 4236K, capacity 4395K, committed 4400K, reserved 1048576K
Event: 7.507 GC heap after
Heap after GC invocations=10 (full 2):
 PSYoungGen      total 376320K, used 0K [0x00000000d6800000, 0x00000000f1280000, 0x0000000100000000)
  eden space 358912K, 0% used [0x00000000d6800000,0x00000000d6800000,0x00000000ec680000)
  from space 17408K, 0% used [0x00000000ed800000,0x00000000ed800000,0x00000000ee900000)
  to   space 17920K, 0% used [0x00000000ec680000,0x00000000ec680000,0x00000000ed800000)
 ParOldGen       total 82432K, used 22099K [0x0000000083800000, 0x0000000088880000, 0x00000000d6800000)
  object space 82432K, 26% used [0x0000000083800000,0x0000000084d94e60,0x0000000088880000)
 Metaspace       used 34880K, capacity 35302K, committed 35496K, reserved 1081344K
  class space    used 4236K, capacity 4395K, committed 4400K, reserved 1048576K
}
Event: 11.469 GC heap before
{Heap before GC invocations=11 (full 2):
 PSYoungGen      total 376320K, used 358912K [0x00000000d6800000, 0x00000000f1280000, 0x0000000100000000)
  eden space 358912K, 100% used [0x00000000d6800000,0x00000000ec680000,0x00000000ec680000)
  from space 17408K, 0% used [0x00000000ed800000,0x00000000ed800000,0x00000000ee900000)
  to   space 17920K, 0% used [0x00000000ec680000,0x00000000ec680000,0x00000000ed800000)
 ParOldGen       total 82432K, used 22099K [0x0000000083800000, 0x0000000088880000, 0x00000000d6800000)
  object space 82432K, 26% used [0x0000000083800000,0x0000000084d94e60,0x0000000088880000)
 Metaspace       used 47141K, capacity 47698K, committed 48048K, reserved 1091584K
  class space    used 5807K, capacity 5972K, committed 6064K, reserved 1048576K

